#
# A fatal error has been detected by the Java Runtime Environment:
#
#  Internal Error (javaClasses.cpp:136), pid=1104, tid=3596
#  fatal error: Invalid layout of preloaded class
#
# JRE version:  (7.0_40-b43) (build )
# Java VM: Java HotSpot(TM) Client VM (24.0-b56 mixed mode windows-x86 )
# Failed to write core dump. Minidumps are not enabled by default on client versions of Windows
#
# If you would like to submit a bug report, please visit:
#   http://bugreport.sun.com/bugreport/crash.jsp
#

---------------  T H R E A D  ---------------

Current thread (0x003cc800):  JavaThread "Unknown thread" [_thread_in_vm, id=3596, stack(0x01150000,0x011a0000)]

Stack: [0x01150000,0x011a0000],  sp=0x0119f41c,  free space=317k
Native frames: (J=compiled Java code, j=interpreted, Vv=VM code, C=native code)
V  [jvm.dll+0x18db91]
V  [jvm.dll+0x187936]
V  [jvm.dll+0x3582a]
V  [jvm.dll+0x358b6]
V  [jvm.dll+0x43fdd]
V  [jvm.dll+0x4428e]
V  [jvm.dll+0x923fa]
V  [jvm.dll+0x927ab]
V  [jvm.dll+0x13d761]
V  [jvm.dll+0x16023c]
V  [jvm.dll+0xc8c5f]
C  [javaw.exe+0x13ce]
C  [javaw.exe+0x1e40]
C  [javaw.exe+0xa5b1]
C  [javaw.exe+0xa63b]
C  [kernel32.dll+0x4ed6c]
C  [ntdll.dll+0x637eb]
C  [ntdll.dll+0x637be]


---------------  P R O C E S S  ---------------

Java Threads: ( => current thread )

Other Threads:

=>0x003cc800 (exited) JavaThread "Unknown thread" [_thread_in_vm, id=3596, stack(0x01150000,0x011a0000)]

VM state:not at safepoint (not fully initialized)

VM Mutex/Monitor currently owned by a thread: None

GC Heap History (0 events):
No events

Deoptimization events (0 events):
No events

Internal exceptions (0 events):
No events

Events (10 events):
Event: 0.005 loading class 0x01688b30 done
Event: 0.006 loading class 0x016885c0 done
Event: 0.006 loading class 0x016885a0
Event: 0.006 loading class 0x0168f8c8
Event: 0.006 loading class 0x0168f8c8 done
Event: 0.006 loading class 0x0168f8f8
Event: 0.006 loading class 0x0168f8f8 done
Event: 0.006 loading class 0x0168f928
Event: 0.006 loading class 0x0168f928 done
Event: 0.006 loading class 0x016885a0 done


Dynamic libraries:
0x003f0000 - 0x0041f000 	C:\Program Files\Java\jre7\bin\javaw.exe
0x774e0000 - 0x7761c000 	C:\Windows\SYSTEM32\ntdll.dll
0x76b60000 - 0x76c34000 	C:\Windows\system32\kernel32.dll
0x755d0000 - 0x7561b000 	C:\Windows\system32\KERNELBASE.dll
0x76f20000 - 0x76fc0000 	C:\Windows\system32\ADVAPI32.dll
0x75880000 - 0x7592c000 	C:\Windows\system32\msvcrt.dll
0x76dc0000 - 0x76dd9000 	C:\Windows\SYSTEM32\sechost.dll
0x76ab0000 - 0x76b52000 	C:\Windows\system32\RPCRT4.dll
0x75930000 - 0x759f9000 	C:\Windows\system32\USER32.dll
0x76fc0000 - 0x7700e000 	C:\Windows\system32\GDI32.dll
0x76c40000 - 0x76c4a000 	C:\Windows\system32\LPK.dll
0x772a0000 - 0x7733d000 	C:\Windows\system32\USP10.dll
0x74260000 - 0x743fe000 	C:\Windows\WinSxS\x86_microsoft.windows.common-controls_6595b64144ccf1df_6.0.7601.17514_none_41e6975e2bd6f2b2\COMCTL32.dll
0x75a00000 - 0x75a57000 	C:\Windows\system32\SHLWAPI.dll
0x77620000 - 0x7763f000 	C:\Windows\system32\IMM32.DLL
0x77640000 - 0x7770c000 	C:\Windows\system32\MSCTF.dll
0x501d0000 - 0x5028e000 	C:\Program Files\Java\jre7\bin\msvcr100.dll
0x60220000 - 0x605a0000 	C:\Program Files\Java\jre7\bin\client\jvm.dll
0x74ac0000 - 0x74ac7000 	C:\Windows\system32\WSOCK32.dll
0x769e0000 - 0x76a15000 	C:\Windows\system32\WS2_32.dll
0x76f10000 - 0x76f16000 	C:\Windows\system32\NSI.dll
0x73390000 - 0x733c2000 	C:\Windows\system32\WINMM.dll
0x76db0000 - 0x76db5000 	C:\Windows\system32\PSAPI.DLL
0x60210000 - 0x6021c000 	C:\Program Files\Java\jre7\bin\verify.dll
0x5ff70000 - 0x5ff90000 	C:\Program Files\Java\jre7\bin\java.dll
0x5ff50000 - 0x5ff63000 	C:\Program Files\Java\jre7\bin\zip.dll
0x6f300000 - 0x6f3eb000 	C:\Windows\system32\dbghelp.dll

VM Arguments:
jvm_args: -Dfile.encoding=Cp1252 -Xbootclasspath:C:\Android\adt-bundle-windows-x86-20130729\sdk\platforms\android-16\android.jar 
java_command: com.thinksoft.models.databases.PolAppConfig
Launcher Type: SUN_STANDARD

Environment Variables:
CLASSPATH=.;C:\Program Files\Java\jre7\lib\ext\QTJava.zip
PATH=C:/Program Files/Java/jre7/bin/client;C:/Program Files/Java/jre7/bin;C:/Program Files/Java/jre7/lib/i386;C:\oraclexe\app\oracle\product\10.2.0\server\bin;C:\Windows\system32;C:\Windows;C:\Windows\System32\Wbem;C:\Windows\System32\WindowsPowerShell\v1.0\;C:\Program Files\MySQL\MySQL Server 5.5\bin;C:\Program Files\Microsoft SQL Server\100\Tools\Binn\;C:\Program Files\Microsoft SQL Server\100\DTS\Binn\;C:\Program Files\Microsoft SQL Server\100\Tools\Binn\VSShell\Common7\IDE\;C:\Program Files\Microsoft Visual Studio 9.0\Common7\IDE\PrivateAssemblies\;C:\Program Files\Common Files\Autodesk Shared\;C:\Program Files\ATI Technologies\ATI.ACE\Core-Static;C:\Program Files\QuickTime\QTSystem\;C:\Android\adt-bundle-windows-x86-20130729\eclipse;
USERNAME=laboratorio
OS=Windows_NT
PROCESSOR_IDENTIFIER=x86 Family 6 Model 42 Stepping 7, GenuineIntel



---------------  S Y S T E M  ---------------

OS: Windows 7 Build 7601 Service Pack 1

CPU:total 4 (4 cores per cpu, 1 threads per core) family 6 model 42 stepping 7, cmov, cx8, fxsr, mmx, sse, sse2, sse3, ssse3, sse4.1, sse4.2, popcnt, avx, aes, tsc, tscinvbit

Memory: 4k page, physical 3396660k(1315924k free), swap 6791568k(3813156k free)

vm_info: Java HotSpot(TM) Client VM (24.0-b56) for windows-x86 JRE (1.7.0_40-b43), built on Aug 26 2013 22:34:40 by "java_re" with unknown MS VC++:1600

time: Fri Nov 08 20:38:02 2013
elapsed time: 0 seconds

